TD3AC 000:000.745   SEGGER J-Link V7.92o Log File
TD3AC 000:000.939   DLL Compiled: Nov  8 2023 15:40:38
TD3AC 000:000.947   Logging started @ 2024-09-27 08:26
TD3AC 000:000.955   Process: D:\Projects\Broaster\MVE\Boot_Loader_Workspace\Broaster_Boootloader_RA4M2\.eclipse\com.renesas.platform_1435879475\DebugComp\RA\e2-server-gdb.exe
TD3AC 000:000.966 - 0.962ms
TD3AC 000:000.985 JLINK_GetDLLVersion()
TD3AC 000:000.995 - 0.011ms returns 79215
TD3AC 000:002.102 JLINK_OpenEx(...)
TD3AC 000:012.760   Firmware: J-Link OB-S124 compiled Oct 30 2023 12:13:12
TD3AC 000:014.731   Firmware: J-Link OB-S124 compiled Oct 30 2023 12:13:12
TD3AC 000:041.160   Hardware: V1.00
TD3AC 000:041.201   S/N: 831970111
TD3AC 000:041.217   OEM: SEGGER
TD3AC 000:041.230   Feature(s): None
TD3AC 000:042.829   Bootloader: 2019 Oct 15
TD3AC 000:044.136   USB speed mode: Full speed (12 MBit/s)
TD3AC 000:045.095   TELNET listener socket opened on port 19021
TD3AC 000:045.255   WEBSRV WEBSRV_Init(): Starting webserver thread(s)
TD3AC 000:045.448   WEBSRV Webserver running on local port 19080
TD3AC 000:045.622   Looking for J-Link GUI Server exe at: D:\Projects\Broaster\MVE\Boot_Loader_Workspace\Broaster_Boootloader_RA4M2\.eclipse\com.renesas.platform_1435879475\DebugComp\RA\ARM\Segger_v7.92.15\JLinkGUIServer.exe
TD3AC 000:045.853   Looking for J-Link GUI Server exe at: C:\Program Files\SEGGER\JLink_V796q\JLinkGUIServer.exe
TD3AC 000:045.963   Forking J-Link GUI Server: C:\Program Files\SEGGER\JLink_V796q\JLinkGUIServer.exe
TD3AC 000:082.629   J-Link GUI Server info: "J-Link GUI server V7.96q "
TD3AC 000:090.123 - 88.015ms returns "O.K."
TD3AC 000:090.349 JLINK_ExecCommand("ProjectFile=D:\Projects\Broaster\MVE\Boot_Loader_Workspace\Broaster_Boootloader_RA4M2/Broaster_Boootloader_RA4M2 Debug_Flat.jlink", ...). 
TD3AC 000:116.547 - 26.202ms returns 0x00
TD3AC 000:117.269 JLINK_ExecCommand("device=R7FA4M2AD", ...). 
TD3AC 000:117.506   Flash bank @ 0x0100A100: SFL: Parsing sectorization info from ELF file
TD3AC 000:117.518     FlashDevice.SectorInfo[0]: .SectorSize = 0x00000010, .SectorStartAddr = 0x00000000
TD3AC 000:117.529   FlashBank @0x0100A100: Sectorization info from SFL ELF file ignored because sectorization override from DLL / XML file is active.
TD3AC 000:117.838   Flash bank @ 0x60000000: SFL: Parsing sectorization info from ELF file
TD3AC 000:117.851     FlashDevice.SectorInfo[0]: .SectorSize = 0x00010000, .SectorStartAddr = 0x00000000
TD3AC 000:121.812   Device "R7FA4M2AD" selected.
TD3AC 000:122.160 - 4.875ms returns 0x00
TD3AC 000:122.193 JLINK_ReadMem(0xE000EDF0, 0x4 Bytes, ...)
TD3AC 000:122.471   ConfigTargetSettings() start
TD3AC 000:122.501    J-Link Script File: Executing ConfigTargetSettings()
TD3AC 000:122.522   Configuring FlashDLNoRMWThreshold=0x200 in order to make sure that option bytes programming is done via read-modify-write
TD3AC 000:149.945   ConfigTargetSettings() end - Took 27.4ms
TD3AC 000:150.807   InitTarget() start
TD3AC 000:150.825    J-Link Script File: Executing InitTarget()
TD3AC 000:150.850   SWD selected. Executing JTAG -> SWD switching sequence.
TD3AC 000:157.188   DAP initialized successfully.
TD3AC 000:157.213   Determining TrustZone configuration...
TD3AC 000:160.975     Secure Debug: Enabled (SSD)
TD3AC 000:161.005   Determining currently configured transfer type by reading the AHB-AP CSW register.
TD3AC 000:163.886     --> Correct transfer type configured. Done.
TD3AC 000:163.918   InitTarget() end - Took 13.0ms
TD3AC 000:166.345   Found SW-DP with ID 0x6BA02477
TD3AC 000:174.729   DPIDR: 0x6BA02477
TD3AC 000:174.788   CoreSight SoC-400 or earlier
TD3AC 000:174.833   Scanning AP map to find all available APs
TD3AC 000:178.947   AP[2]: Stopped AP scan as end of AP map has been reached
TD3AC 000:179.042   AP[0]: AHB-AP (IDR: 0x84770001)
TD3AC 000:179.087   AP[1]: APB-AP (IDR: 0x54770002)
TD3AC 000:179.129   Iterating through AP map to find AHB-AP to use
TD3AC 000:183.319   AP[0]: Core found
TD3AC 000:183.382   AP[0]: AHB-AP ROM base: 0xE00FE000
TD3AC 000:185.523   CPUID register: 0x410FD214. Implementer code: 0x41 (ARM)
TD3AC 000:185.734   Feature set: Mainline
TD3AC 000:187.824   Cache: No cache
TD3AC 000:187.894   Found Cortex-M33 r0p4, Little endian.
TD3AC 000:188.816   -- Max. mem block: 0x00001B00
TD3AC 000:191.159   CPU_ReadMem(4 bytes @ 0xE000EDF0)
TD3AC 000:193.563   CPU_WriteMem(4 bytes @ 0xE000EDF0)
TD3AC 000:195.732   CPU_ReadMem(4 bytes @ 0xE0002000)
TD3AC 000:197.968   FPUnit: 8 code (BP) slots and 0 literal slots
TD3AC 000:198.032   CPU_ReadMem(4 bytes @ 0xE000EDFC)
TD3AC 000:200.176   CPU_WriteMem(4 bytes @ 0xE000EDFC)
TD3AC 000:202.399   CPU_ReadMem(4 bytes @ 0xE0001000)
TD3AC 000:204.756   CPU_ReadMem(4 bytes @ 0xE0001000)
TD3AC 000:206.898   CPU_ReadMem(4 bytes @ 0xE0001028)
TD3AC 000:209.102   CPU_ReadMem(4 bytes @ 0xE0001038)
TD3AC 000:211.322   CPU_ReadMem(4 bytes @ 0xE0001048)
TD3AC 000:213.534   CPU_ReadMem(4 bytes @ 0xE0001058)
TD3AC 000:215.650   CPU_WriteMem(4 bytes @ 0xE0001000)
TD3AC 000:218.186   CPU_ReadMem(4 bytes @ 0xE000ED88)
TD3AC 000:220.615   CPU_WriteMem(4 bytes @ 0xE000ED88)
TD3AC 000:222.978   CPU_ReadMem(4 bytes @ 0xE000ED88)
TD3AC 000:225.526   CPU_WriteMem(4 bytes @ 0xE000ED88)
TD3AC 000:227.854   CPU_ReadMem(4 bytes @ 0xE000EFB8)
TD3AC 000:230.108   Security extension: implemented
TD3AC 000:230.190   Secure debug: enabled
TD3AC 000:230.233   CoreSight components:
TD3AC 000:230.301   ROMTbl[0] @ E00FE000
TD3AC 000:230.355   CPU_ReadMem(64 bytes @ 0xE00FE000)
TD3AC 000:236.841   CPU_ReadMem(32 bytes @ 0xE0044FE0)
TD3AC 000:240.942   CPU_ReadMem(4 bytes @ 0xE0044FBC)
TD3AC 000:243.096   CPU_ReadMem(4 bytes @ 0xE0044FCC)
TD3AC 000:245.226   [0][0]: E0044000 CID B105900D PID 005BB906 DEVARCH 00000000 DEVTYPE 14 CTI (?)
TD3AC 000:245.299   CPU_ReadMem(32 bytes @ 0xE0047FE0)
TD3AC 000:249.290   CPU_ReadMem(4 bytes @ 0xE0047FBC)
TD3AC 000:251.416   CPU_ReadMem(4 bytes @ 0xE0047FCC)
TD3AC 000:253.518   [0][1]: E0047000 CID B105900D PID 003BB908 DEVARCH 00000000 DEVTYPE 12 CSTF
TD3AC 000:253.589   CPU_ReadMem(32 bytes @ 0xE0048FE0)
TD3AC 000:257.678   CPU_ReadMem(4 bytes @ 0xE0048FBC)
TD3AC 000:259.692   CPU_ReadMem(4 bytes @ 0xE0048FCC)
TD3AC 000:261.667   [0][2]: E0048000 CID B105900D PID 001BB961 DEVARCH 00000000 DEVTYPE 21 ETB
TD3AC 000:261.702   CPU_ReadMem(32 bytes @ 0xE0049FE0)
TD3AC 000:265.548   [0][3]: E0049000 CID B105F00D PID 001BB101 TSG
TD3AC 000:265.577   CPU_ReadMem(32 bytes @ 0xE0040FE0)
TD3AC 000:269.407   CPU_ReadMem(4 bytes @ 0xE0040FBC)
TD3AC 000:271.403   CPU_ReadMem(4 bytes @ 0xE0040FCC)
TD3AC 000:273.374   [0][4]: E0040000 CID B105900D PID 000BBD21 DEVARCH 00000000 DEVTYPE 11 TPIU
TD3AC 000:273.404   CPU_ReadMem(32 bytes @ 0xE00FFFE0)
TD3AC 000:277.231   [0][5]: E00FF000 CID B105100D PID 000BB4C9 ROM Table
TD3AC 000:277.258   ROMTbl[1] @ E00FF000
TD3AC 000:277.272   CPU_ReadMem(64 bytes @ 0xE00FF000)
TD3AC 000:283.340   CPU_ReadMem(32 bytes @ 0xE000EFE0)
TD3AC 000:287.198   CPU_ReadMem(4 bytes @ 0xE000EFBC)
TD3AC 000:289.128   CPU_ReadMem(4 bytes @ 0xE000EFCC)
TD3AC 000:291.120   [1][0]: E000E000 CID B105900D PID 000BBD21 DEVARCH 47702A04 DEVTYPE 00 Cortex-M33
TD3AC 000:291.148   CPU_ReadMem(32 bytes @ 0xE0001FE0)
TD3AC 000:295.003   CPU_ReadMem(4 bytes @ 0xE0001FBC)
TD3AC 000:297.060   CPU_ReadMem(4 bytes @ 0xE0001FCC)
TD3AC 000:299.405   [1][1]: E0001000 CID B105900D PID 000BBD21 DEVARCH 47701A02 DEVTYPE 00 DWT
TD3AC 000:299.448   CPU_ReadMem(32 bytes @ 0xE0002FE0)
TD3AC 000:303.363   CPU_ReadMem(4 bytes @ 0xE0002FBC)
TD3AC 000:305.307   CPU_ReadMem(4 bytes @ 0xE0002FCC)
TD3AC 000:307.253   [1][2]: E0002000 CID B105900D PID 000BBD21 DEVARCH 47701A03 DEVTYPE 00 FPB
TD3AC 000:307.286   CPU_ReadMem(32 bytes @ 0xE0000FE0)
TD3AC 000:311.139   CPU_ReadMem(4 bytes @ 0xE0000FBC)
TD3AC 000:313.082   CPU_ReadMem(4 bytes @ 0xE0000FCC)
TD3AC 000:315.041   [1][3]: E0000000 CID B105900D PID 000BBD21 DEVARCH 47701A01 DEVTYPE 43 ITM
TD3AC 000:315.078   CPU_ReadMem(32 bytes @ 0xE0041FE0)
TD3AC 000:319.190   CPU_ReadMem(4 bytes @ 0xE0041FBC)
TD3AC 000:321.683   CPU_ReadMem(4 bytes @ 0xE0041FCC)
TD3AC 000:323.849   [1][5]: E0041000 CID B105900D PID 002BBD21 DEVARCH 47724A13 DEVTYPE 13 ETM
TD3AC 000:323.884   CPU_ReadMem(32 bytes @ 0xE0042FE0)
TD3AC 000:328.157   CPU_ReadMem(4 bytes @ 0xE0042FBC)
TD3AC 000:330.545   CPU_ReadMem(4 bytes @ 0xE0042FCC)
TD3AC 000:332.902   [1][6]: E0042000 CID B105900D PID 000BBD21 DEVARCH 47701A14 DEVTYPE 14 CSS600-CTI
TD3AC 000:333.069   CPU_ReadMem(4 bytes @ 0xE000EDF0)
TD3AC 000:335.431   Data:  01 00 10 01
TD3AC 000:335.460   Debug reg: DHCSR
TD3AC 000:335.472 - 213.278ms returns 0
TD3AC 000:335.514 JLINK_ReadMem(0x400E002C, 0x4 Bytes, ...)
TD3AC 000:335.535   CPU_ReadMem(4 bytes @ 0x400E002C)
TD3AC 000:337.843   Data:  02 00 00 00
TD3AC 000:337.872 - 2.358ms returns 0
TD3AC 000:338.045 JLINK_ReadMem(0xE000EDF0, 0x4 Bytes, ...)
TD3AC 000:338.084   CPU_ReadMem(4 bytes @ 0xE000EDF0)
TD3AC 000:340.179   Data:  01 00 10 01
TD3AC 000:340.205   Debug reg: DHCSR
TD3AC 000:340.217 - 2.172ms returns 0
TD3AC 000:340.253 JLINK_ReadMem(0xE000EDF0, 0x4 Bytes, ...)
TD3AC 000:340.268   CPU_ReadMem(4 bytes @ 0xE000EDF0)
TD3AC 000:342.594   Data:  01 00 10 01
TD3AC 000:342.626   Debug reg: DHCSR
TD3AC 000:342.639 - 2.386ms returns 0
TD3AC 000:342.661 JLINK_ReadMem(0x400E001C, 0x4 Bytes, ...)
TD3AC 000:342.681   CPU_ReadMem(4 bytes @ 0x400E001C)
TD3AC 000:345.020   Data:  00 54 00 00
TD3AC 000:345.052 - 2.390ms returns 0
TD3AC 000:345.085 JLINK_ReadMem(0xE000EDF0, 0x4 Bytes, ...)
TD3AC 000:345.106   CPU_ReadMem(4 bytes @ 0xE000EDF0)
TD3AC 000:347.225   Data:  01 00 10 01
TD3AC 000:347.258   Debug reg: DHCSR
TD3AC 000:347.272 - 2.187ms returns 0
TD3AC 000:347.294 JLINK_ReadMem(0x400E0018, 0x4 Bytes, ...)
TD3AC 000:347.315   CPU_ReadMem(4 bytes @ 0x400E0018)
TD3AC 000:349.477   Data:  00 80 00 00
TD3AC 000:349.514 - 2.220ms returns 0
TD3AC 000:349.546 JLINK_ReadMem(0xE000EDF0, 0x4 Bytes, ...)
TD3AC 000:349.565   CPU_ReadMem(4 bytes @ 0xE000EDF0)
TD3AC 000:352.002   Data:  01 00 10 01
TD3AC 000:352.033   Debug reg: DHCSR
TD3AC 000:352.046 - 2.500ms returns 0
TD3AC 000:352.068 JLINK_ReadMem(0x400E0020, 0x4 Bytes, ...)
TD3AC 000:352.088   CPU_ReadMem(4 bytes @ 0x400E0020)
TD3AC 000:354.434   Data:  00 00 00 00
TD3AC 000:354.468 - 2.400ms returns 0
TD3AC 000:354.502 JLINK_ReadMem(0xE000EDF0, 0x4 Bytes, ...)
TD3AC 000:354.523   CPU_ReadMem(4 bytes @ 0xE000EDF0)
TD3AC 000:356.567   Data:  01 00 10 01
TD3AC 000:356.603   Debug reg: DHCSR
TD3AC 000:356.621 - 2.119ms returns 0
TD3AC 000:356.646 JLINK_ReadMem(0x400E0028, 0x4 Bytes, ...)
TD3AC 000:356.674   CPU_ReadMem(4 bytes @ 0x400E0028)
TD3AC 000:358.789   Data:  00 7C 00 00
TD3AC 000:358.820 - 2.174ms returns 0
TD3AC 000:358.853 JLINK_ReadMem(0xE000EDF0, 0x4 Bytes, ...)
TD3AC 000:358.875   CPU_ReadMem(4 bytes @ 0xE000EDF0)
TD3AC 000:361.275   Data:  01 00 10 01
TD3AC 000:361.306   Debug reg: DHCSR
TD3AC 000:361.320 - 2.466ms returns 0
TD3AC 000:361.342 JLINK_ReadMem(0x400E0024, 0x4 Bytes, ...)
TD3AC 000:361.362   CPU_ReadMem(4 bytes @ 0x400E0024)
TD3AC 000:363.688   Data:  00 80 00 00
TD3AC 000:363.719 - 2.377ms returns 0
TD3AC 000:363.756 JLINK_ReadMem(0xE000EDF0, 0x4 Bytes, ...)
TD3AC 000:363.778   CPU_ReadMem(4 bytes @ 0xE000EDF0)
TD3AC 000:366.049   Data:  01 00 10 01
TD3AC 000:366.082   Debug reg: DHCSR
TD3AC 000:366.136 - 2.380ms returns 0
TD3AC 000:366.173 JLINK_ReadMem(0x400E002C, 0x4 Bytes, ...)
TD3AC 000:366.195   CPU_ReadMem(4 bytes @ 0x400E002C)
TD3AC 000:368.517   Data:  02 00 00 00
TD3AC 000:368.549 - 2.376ms returns 0
TD3AC 000:368.586 JLINK_ReadMem(0xE000EDF0, 0x4 Bytes, ...)
TD3AC 000:368.618   CPU_ReadMem(4 bytes @ 0xE000EDF0)
TD3AC 000:370.784   Data:  01 00 10 01
TD3AC 000:370.816   Debug reg: DHCSR
TD3AC 000:370.830 - 2.244ms returns 0
TD3AC 000:370.857 JLINK_ReadMem(0x400E002C, 0x4 Bytes, ...)
TD3AC 000:370.878   CPU_ReadMem(4 bytes @ 0x400E002C)
TD3AC 000:372.837   Data:  02 00 00 00
TD3AC 000:372.893 - 2.035ms returns 0
TD3AC 000:381.800 JLINK_Close()
TD3AC 000:403.620 - 21.819ms
TD3AC 000:403.651   
TD3AC 000:403.665   Closed
