T889C 000:006.239   SEGGER J-Link V7.92o Log File
T889C 000:006.652   DLL Compiled: Nov  8 2023 15:40:38
T889C 000:006.666   Logging started @ 2024-09-27 07:51
T889C 000:006.677   Process: D:\Projects\Broaster\MVE\Boot_Loader_Workspace\Broaster_Boootloader_RA4M2\.eclipse\com.renesas.platform_1435879475\DebugComp\RA\e2-server-gdb.exe
T889C 000:006.715 - 6.708ms
T889C 000:006.760 JLINK_GetDLLVersion()
T889C 000:006.778 - 0.018ms returns 79215
T889C 000:007.858 JLINK_OpenEx(...)
T889C 000:017.118   Firmware: J-Link OB-S124 compiled Oct 30 2023 12:13:12
T889C 000:018.983   Firmware: J-Link OB-S124 compiled Oct 30 2023 12:13:12
T889C 000:045.030   Hardware: V1.00
T889C 000:045.094   S/N: 831970111
T889C 000:045.112   OEM: SEGGER
T889C 000:045.125   Feature(s): None
T889C 000:046.529   Bootloader: 2019 Oct 15
T889C 000:047.863   USB speed mode: Full speed (12 MBit/s)
T889C 000:048.565   TELNET listener socket opened on port 19021
T889C 000:048.778   WEBSRV WEBSRV_Init(): Starting webserver thread(s)
T889C 000:048.979   WEBSRV Webserver running on local port 19080
T889C 000:049.092   Looking for J-Link GUI Server exe at: D:\Projects\Broaster\MVE\Boot_Loader_Workspace\Broaster_Boootloader_RA4M2\.eclipse\com.renesas.platform_1435879475\DebugComp\RA\ARM\Segger_v7.92.15\JLinkGUIServer.exe
T889C 000:049.315   Looking for J-Link GUI Server exe at: C:\Program Files\SEGGER\JLink_V796q\JLinkGUIServer.exe
T889C 000:049.421   Forking J-Link GUI Server: C:\Program Files\SEGGER\JLink_V796q\JLinkGUIServer.exe
T889C 000:088.267   J-Link GUI Server info: "J-Link GUI server V7.96q "
T889C 000:095.378 - 87.512ms returns "O.K."
T889C 000:095.584 JLINK_ExecCommand("ProjectFile=D:\Projects\Broaster\MVE\Boot_Loader_Workspace\Simple_FW_Upgrade/Simple_FW_Upgrade Debug_Flat.jlink", ...). 
T889C 000:133.740 - 38.159ms returns 0x00
T889C 000:134.596 JLINK_ExecCommand("device=R7FA4M2AD", ...). 
T889C 000:134.825   Flash bank @ 0x0100A100: SFL: Parsing sectorization info from ELF file
T889C 000:134.838     FlashDevice.SectorInfo[0]: .SectorSize = 0x00000010, .SectorStartAddr = 0x00000000
T889C 000:134.848   FlashBank @0x0100A100: Sectorization info from SFL ELF file ignored because sectorization override from DLL / XML file is active.
T889C 000:135.249   Flash bank @ 0x60000000: SFL: Parsing sectorization info from ELF file
T889C 000:135.264     FlashDevice.SectorInfo[0]: .SectorSize = 0x00010000, .SectorStartAddr = 0x00000000
T889C 000:140.471   Device "R7FA4M2AD" selected.
T889C 000:140.990 - 6.374ms returns 0x00
T889C 000:141.043 JLINK_ReadMem(0xE000EDF0, 0x4 Bytes, ...)
T889C 000:141.317   ConfigTargetSettings() start
T889C 000:141.332    J-Link Script File: Executing ConfigTargetSettings()
T889C 000:141.357   Configuring FlashDLNoRMWThreshold=0x200 in order to make sure that option bytes programming is done via read-modify-write
T889C 000:188.018   ConfigTargetSettings() end - Took 46.6ms
T889C 000:188.961   InitTarget() start
T889C 000:188.988    J-Link Script File: Executing InitTarget()
T889C 000:189.004   SWD selected. Executing JTAG -> SWD switching sequence.
T889C 000:195.489   DAP initialized successfully.
T889C 000:195.521   Determining TrustZone configuration...
T889C 000:198.632     Secure Debug: Enabled (SSD)
T889C 000:198.659   Determining currently configured transfer type by reading the AHB-AP CSW register.
T889C 000:201.030     --> Correct transfer type configured. Done.
T889C 000:201.061   InitTarget() end - Took 12.0ms
T889C 000:203.277   Found SW-DP with ID 0x6BA02477
T889C 000:210.937   DPIDR: 0x6BA02477
T889C 000:210.967   CoreSight SoC-400 or earlier
T889C 000:210.978   Scanning AP map to find all available APs
T889C 000:214.660   AP[2]: Stopped AP scan as end of AP map has been reached
T889C 000:214.683   AP[0]: AHB-AP (IDR: 0x84770001)
T889C 000:214.707   AP[1]: APB-AP (IDR: 0x54770002)
T889C 000:214.718   Iterating through AP map to find AHB-AP to use
T889C 000:218.461   AP[0]: Core found
T889C 000:218.494   AP[0]: AHB-AP ROM base: 0xE00FE000
T889C 000:220.374   CPUID register: 0x410FD214. Implementer code: 0x41 (ARM)
T889C 000:220.478   Feature set: Mainline
T889C 000:222.310   Cache: No cache
T889C 000:222.332   Found Cortex-M33 r0p4, Little endian.
T889C 000:222.876   -- Max. mem block: 0x00001B00
T889C 000:225.301   CPU_ReadMem(4 bytes @ 0xE000EDF0)
T889C 000:227.197   CPU_WriteMem(4 bytes @ 0xE000EDF0)
T889C 000:229.139   CPU_ReadMem(4 bytes @ 0xE0002000)
T889C 000:231.145   FPUnit: 8 code (BP) slots and 0 literal slots
T889C 000:231.169   CPU_ReadMem(4 bytes @ 0xE000EDFC)
T889C 000:233.063   CPU_ReadMem(4 bytes @ 0xE0001000)
T889C 000:234.964   CPU_ReadMem(4 bytes @ 0xE0001000)
T889C 000:236.916   CPU_ReadMem(4 bytes @ 0xE0001028)
T889C 000:238.789   CPU_ReadMem(4 bytes @ 0xE0001038)
T889C 000:240.717   CPU_ReadMem(4 bytes @ 0xE0001048)
T889C 000:242.644   CPU_ReadMem(4 bytes @ 0xE0001058)
T889C 000:244.595   CPU_WriteMem(4 bytes @ 0xE0001000)
T889C 000:246.519   CPU_ReadMem(4 bytes @ 0xE000ED88)
T889C 000:248.414   CPU_WriteMem(4 bytes @ 0xE000ED88)
T889C 000:250.392   CPU_ReadMem(4 bytes @ 0xE000ED88)
T889C 000:252.315   CPU_WriteMem(4 bytes @ 0xE000ED88)
T889C 000:254.206   CPU_ReadMem(4 bytes @ 0xE000EFB8)
T889C 000:256.212   Security extension: implemented
T889C 000:256.236   Secure debug: enabled
T889C 000:256.253   CoreSight components:
T889C 000:256.287   ROMTbl[0] @ E00FE000
T889C 000:256.306   CPU_ReadMem(64 bytes @ 0xE00FE000)
T889C 000:262.284   CPU_ReadMem(32 bytes @ 0xE0044FE0)
T889C 000:266.186   CPU_ReadMem(4 bytes @ 0xE0044FBC)
T889C 000:268.069   CPU_ReadMem(4 bytes @ 0xE0044FCC)
T889C 000:269.982   [0][0]: E0044000 CID B105900D PID 005BB906 DEVARCH 00000000 DEVTYPE 14 CTI (?)
T889C 000:269.999   CPU_ReadMem(32 bytes @ 0xE0047FE0)
T889C 000:273.848   CPU_ReadMem(4 bytes @ 0xE0047FBC)
T889C 000:275.811   CPU_ReadMem(4 bytes @ 0xE0047FCC)
T889C 000:277.754   [0][1]: E0047000 CID B105900D PID 003BB908 DEVARCH 00000000 DEVTYPE 12 CSTF
T889C 000:277.787   CPU_ReadMem(32 bytes @ 0xE0048FE0)
T889C 000:281.562   CPU_ReadMem(4 bytes @ 0xE0048FBC)
T889C 000:283.489   CPU_ReadMem(4 bytes @ 0xE0048FCC)
T889C 000:285.390   [0][2]: E0048000 CID B105900D PID 001BB961 DEVARCH 00000000 DEVTYPE 21 ETB
T889C 000:285.407   CPU_ReadMem(32 bytes @ 0xE0049FE0)
T889C 000:289.284   [0][3]: E0049000 CID B105F00D PID 001BB101 TSG
T889C 000:289.321   CPU_ReadMem(32 bytes @ 0xE0040FE0)
T889C 000:293.177   CPU_ReadMem(4 bytes @ 0xE0040FBC)
T889C 000:295.142   CPU_ReadMem(4 bytes @ 0xE0040FCC)
T889C 000:297.138   [0][4]: E0040000 CID B105900D PID 000BBD21 DEVARCH 00000000 DEVTYPE 11 TPIU
T889C 000:297.155   CPU_ReadMem(32 bytes @ 0xE00FFFE0)
T889C 000:300.935   [0][5]: E00FF000 CID B105100D PID 000BB4C9 ROM Table
T889C 000:300.951   ROMTbl[1] @ E00FF000
T889C 000:300.977   CPU_ReadMem(64 bytes @ 0xE00FF000)
T889C 000:307.019   CPU_ReadMem(32 bytes @ 0xE000EFE0)
T889C 000:310.869   CPU_ReadMem(4 bytes @ 0xE000EFBC)
T889C 000:312.848   CPU_ReadMem(4 bytes @ 0xE000EFCC)
T889C 000:314.771   [1][0]: E000E000 CID B105900D PID 000BBD21 DEVARCH 47702A04 DEVTYPE 00 Cortex-M33
T889C 000:314.805   CPU_ReadMem(32 bytes @ 0xE0001FE0)
T889C 000:318.624   CPU_ReadMem(4 bytes @ 0xE0001FBC)
T889C 000:320.554   CPU_ReadMem(4 bytes @ 0xE0001FCC)
T889C 000:322.466   [1][1]: E0001000 CID B105900D PID 000BBD21 DEVARCH 47701A02 DEVTYPE 00 DWT
T889C 000:322.486   CPU_ReadMem(32 bytes @ 0xE0002FE0)
T889C 000:326.275   CPU_ReadMem(4 bytes @ 0xE0002FBC)
T889C 000:328.232   CPU_ReadMem(4 bytes @ 0xE0002FCC)
T889C 000:330.161   [1][2]: E0002000 CID B105900D PID 000BBD21 DEVARCH 47701A03 DEVTYPE 00 FPB
T889C 000:330.179   CPU_ReadMem(32 bytes @ 0xE0000FE0)
T889C 000:333.962   CPU_ReadMem(4 bytes @ 0xE0000FBC)
T889C 000:335.923   CPU_ReadMem(4 bytes @ 0xE0000FCC)
T889C 000:337.865   [1][3]: E0000000 CID B105900D PID 000BBD21 DEVARCH 47701A01 DEVTYPE 43 ITM
T889C 000:337.886   CPU_ReadMem(32 bytes @ 0xE0041FE0)
T889C 000:341.689   CPU_ReadMem(4 bytes @ 0xE0041FBC)
T889C 000:343.646   CPU_ReadMem(4 bytes @ 0xE0041FCC)
T889C 000:345.546   [1][5]: E0041000 CID B105900D PID 002BBD21 DEVARCH 47724A13 DEVTYPE 13 ETM
T889C 000:345.594   CPU_ReadMem(32 bytes @ 0xE0042FE0)
T889C 000:349.375   CPU_ReadMem(4 bytes @ 0xE0042FBC)
T889C 000:351.355   CPU_ReadMem(4 bytes @ 0xE0042FCC)
T889C 000:353.276   [1][6]: E0042000 CID B105900D PID 000BBD21 DEVARCH 47701A14 DEVTYPE 14 CSS600-CTI
T889C 000:353.367   CPU_ReadMem(4 bytes @ 0xE000EDF0)
T889C 000:355.248   Data:  01 00 10 01
T889C 000:355.270   Debug reg: DHCSR
T889C 000:355.285 - 214.241ms returns 0
T889C 000:355.353 JLINK_ReadMem(0x400E002C, 0x4 Bytes, ...)
T889C 000:355.377   CPU_ReadMem(4 bytes @ 0x400E002C)
T889C 000:357.296   Data:  02 00 00 00
T889C 000:357.330 - 1.977ms returns 0
T889C 000:357.413 JLINK_ReadMem(0xE000EDF0, 0x4 Bytes, ...)
T889C 000:357.439   CPU_ReadMem(4 bytes @ 0xE000EDF0)
T889C 000:359.448   Data:  01 00 10 01
T889C 000:359.482   Debug reg: DHCSR
T889C 000:359.494 - 2.081ms returns 0
T889C 000:359.531 JLINK_ReadMem(0xE000EDF0, 0x4 Bytes, ...)
T889C 000:359.547   CPU_ReadMem(4 bytes @ 0xE000EDF0)
T889C 000:361.425   Data:  01 00 10 01
T889C 000:361.441   Debug reg: DHCSR
T889C 000:361.451 - 1.920ms returns 0
T889C 000:361.466 JLINK_ReadMem(0x400E001C, 0x4 Bytes, ...)
T889C 000:361.479   CPU_ReadMem(4 bytes @ 0x400E001C)
T889C 000:363.391   Data:  00 30 00 00
T889C 000:363.414 - 1.947ms returns 0
T889C 000:363.440 JLINK_ReadMem(0xE000EDF0, 0x4 Bytes, ...)
T889C 000:363.461   CPU_ReadMem(4 bytes @ 0xE000EDF0)
T889C 000:365.353   Data:  01 00 10 01
T889C 000:365.369   Debug reg: DHCSR
T889C 000:365.380 - 1.940ms returns 0
T889C 000:365.396 JLINK_ReadMem(0x400E0018, 0x4 Bytes, ...)
T889C 000:365.408   CPU_ReadMem(4 bytes @ 0x400E0018)
T889C 000:367.302   Data:  00 80 00 00
T889C 000:367.318 - 1.921ms returns 0
T889C 000:367.339 JLINK_ReadMem(0xE000EDF0, 0x4 Bytes, ...)
T889C 000:367.353   CPU_ReadMem(4 bytes @ 0xE000EDF0)
T889C 000:369.262   Data:  01 00 10 01
T889C 000:369.280   Debug reg: DHCSR
T889C 000:369.291 - 1.952ms returns 0
T889C 000:369.319 JLINK_ReadMem(0x400E0020, 0x4 Bytes, ...)
T889C 000:369.334   CPU_ReadMem(4 bytes @ 0x400E0020)
T889C 000:371.218   Data:  00 00 00 00
T889C 000:371.248 - 1.929ms returns 0
T889C 000:371.273 JLINK_ReadMem(0xE000EDF0, 0x4 Bytes, ...)
T889C 000:371.287   CPU_ReadMem(4 bytes @ 0xE000EDF0)
T889C 000:373.174   Data:  01 00 10 01
T889C 000:373.190   Debug reg: DHCSR
T889C 000:373.201 - 1.928ms returns 0
T889C 000:373.216 JLINK_ReadMem(0x400E0028, 0x4 Bytes, ...)
T889C 000:373.228   CPU_ReadMem(4 bytes @ 0x400E0028)
T889C 000:375.171   Data:  00 20 00 00
T889C 000:375.189 - 1.972ms returns 0
T889C 000:375.214 JLINK_ReadMem(0xE000EDF0, 0x4 Bytes, ...)
T889C 000:375.229   CPU_ReadMem(4 bytes @ 0xE000EDF0)
T889C 000:377.138   Data:  01 00 10 01
T889C 000:377.167   Debug reg: DHCSR
T889C 000:377.178 - 1.964ms returns 0
T889C 000:377.197 JLINK_ReadMem(0x400E0024, 0x4 Bytes, ...)
T889C 000:377.210   CPU_ReadMem(4 bytes @ 0x400E0024)
T889C 000:379.140   Data:  00 20 00 00
T889C 000:379.171 - 1.973ms returns 0
T889C 000:379.192 JLINK_ReadMem(0xE000EDF0, 0x4 Bytes, ...)
T889C 000:379.206   CPU_ReadMem(4 bytes @ 0xE000EDF0)
T889C 000:381.143   Data:  01 00 10 01
T889C 000:381.165   Debug reg: DHCSR
T889C 000:381.179 - 1.986ms returns 0
T889C 000:381.202 JLINK_ReadMem(0x400E002C, 0x4 Bytes, ...)
T889C 000:381.221   CPU_ReadMem(4 bytes @ 0x400E002C)
T889C 000:383.144   Data:  02 00 00 00
T889C 000:383.168 - 1.965ms returns 0
T889C 000:383.205 JLINK_ReadMem(0xE000EDF0, 0x4 Bytes, ...)
T889C 000:383.225   CPU_ReadMem(4 bytes @ 0xE000EDF0)
T889C 000:385.220   Data:  01 00 10 01
T889C 000:385.248   Debug reg: DHCSR
T889C 000:385.262 - 2.057ms returns 0
T889C 000:385.286 JLINK_ReadMem(0x400E002C, 0x4 Bytes, ...)
T889C 000:385.306   CPU_ReadMem(4 bytes @ 0x400E002C)
T889C 000:387.255   Data:  02 00 00 00
T889C 000:387.289 - 2.003ms returns 0
T889C 000:397.241 JLINK_Close()
T889C 000:420.999 - 23.756ms
T889C 000:421.028   
T889C 000:421.052   Closed
